# JRE version: Java(TM) SE Runtime Environment (8.0_211-b12) (build 1.8.0_211-b12)
# Java VM: Java HotSpot(TM) 64-Bit Server VM (25.211-b12 mixed mode windows-amd64 compressed oops)
Heap:
 PSYoungGen      total 371712K, used 298244K [0x000000076b300000, 0x0000000782f00000, 0x00000007c0000000)
  eden space 353792K, 82% used [0x000000076b300000,0x000000077ce590d0,0x0000000780c80000)
  from space 17920K, 45% used [0x0000000780c80000,0x0000000781468010,0x0000000781e00000)
  to   space 17408K, 0% used [0x0000000781e00000,0x0000000781e00000,0x0000000782f00000)
 ParOldGen       total 275968K, used 44034K [0x00000006c1800000, 0x00000006d2580000, 0x000000076b300000)
  object space 275968K, 15% used [0x00000006c1800000,0x00000006c4300a20,0x00000006d2580000)
 Metaspace       used 59237K, capacity 62764K, committed 63064K, reserved 1103872K
  class space    used 8182K, capacity 8784K, committed 8832K, reserved 1048576K
GC Heap History (10 events):
Event: 980.897 GC heap before
{Heap before GC invocations=42 (full 3):
 PSYoungGen      total 372736K, used 355456K [0x000000076b300000, 0x0000000783300000, 0x00000007c0000000)
  eden space 352256K, 100% used [0x000000076b300000,0x0000000780b00000,0x0000000780b00000)
  from space 20480K, 15% used [0x0000000781f00000,0x0000000782220010,0x0000000783300000)
  to   space 20480K, 0% used [0x0000000780b00000,0x0000000780b00000,0x0000000781f00000)
 ParOldGen       total 275968K, used 43818K [0x00000006c1800000, 0x00000006d2580000, 0x000000076b300000)
  object space 275968K, 15% used [0x00000006c1800000,0x00000006c42caad0,0x00000006d2580000)
 Metaspace       used 59217K, capacity 62764K, committed 63064K, reserved 1103872K
  class space    used 8181K, capacity 8784K, committed 8832K, reserved 1048576K
Event: 980.901 GC heap after
Heap after GC invocations=42 (full 3):
 PSYoungGen      total 372736K, used 7680K [0x000000076b300000, 0x0000000783200000, 0x00000007c0000000)
  eden space 352256K, 0% used [0x000000076b300000,0x000000076b300000,0x0000000780b00000)
  from space 20480K, 37% used [0x0000000780b00000,0x0000000781280010,0x0000000781f00000)
  to   space 19456K, 0% used [0x0000000781f00000,0x0000000781f00000,0x0000000783200000)
 ParOldGen       total 275968K, used 43874K [0x00000006c1800000, 0x00000006d2580000, 0x000000076b300000)
  object space 275968K, 15% used [0x00000006c1800000,0x00000006c42d8ad0,0x00000006d2580000)
 Metaspace       used 59217K, capacity 62764K, committed 63064K, reserved 1103872K
  class space    used 8181K, capacity 8784K, committed 8832K, reserved 1048576K
}
Event: 1013.570 GC heap before
{Heap before GC invocations=43 (full 3):
 PSYoungGen      total 372736K, used 359936K [0x000000076b300000, 0x0000000783200000, 0x00000007c0000000)
  eden space 352256K, 100% used [0x000000076b300000,0x0000000780b00000,0x0000000780b00000)
  from space 20480K, 37% used [0x0000000780b00000,0x0000000781280010,0x0000000781f00000)
  to   space 19456K, 0% used [0x0000000781f00000,0x0000000781f00000,0x0000000783200000)
 ParOldGen       total 275968K, used 43874K [0x00000006c1800000, 0x00000006d2580000, 0x000000076b300000)
  object space 275968K, 15% used [0x00000006c1800000,0x00000006c42d8ad0,0x00000006d2580000)
 Metaspace       used 59217K, capacity 62764K, committed 63064K, reserved 1103872K
  class space    used 8181K, capacity 8784K, committed 8832K, reserved 1048576K
Event: 1013.574 GC heap after
Heap after GC invocations=43 (full 3):
 PSYoungGen      total 372736K, used 2912K [0x000000076b300000, 0x0000000783200000, 0x00000007c0000000)
  eden space 353280K, 0% used [0x000000076b300000,0x000000076b300000,0x0000000780c00000)
  from space 19456K, 14% used [0x0000000781f00000,0x00000007821d8010,0x0000000783200000)
  to   space 19456K, 0% used [0x0000000780c00000,0x0000000780c00000,0x0000000781f00000)
 ParOldGen       total 275968K, used 43882K [0x00000006c1800000, 0x00000006d2580000, 0x000000076b300000)
  object space 275968K, 15% used [0x00000006c1800000,0x00000006c42daad0,0x00000006d2580000)
 Metaspace       used 59217K, capacity 62764K, committed 63064K, reserved 1103872K
  class space    used 8181K, capacity 8784K, committed 8832K, reserved 1048576K
}
Event: 1045.879 GC heap before
{Heap before GC invocations=44 (full 3):
 PSYoungGen      total 372736K, used 356192K [0x000000076b300000, 0x0000000783200000, 0x00000007c0000000)
  eden space 353280K, 100% used [0x000000076b300000,0x0000000780c00000,0x0000000780c00000)
  from space 19456K, 14% used [0x0000000781f00000,0x00000007821d8010,0x0000000783200000)
  to   space 19456K, 0% used [0x0000000780c00000,0x0000000780c00000,0x0000000781f00000)
 ParOldGen       total 275968K, used 43882K [0x00000006c1800000, 0x00000006d2580000, 0x000000076b300000)
  object space 275968K, 15% used [0x00000006c1800000,0x00000006c42daad0,0x00000006d2580000)
 Metaspace       used 59217K, capacity 62764K, committed 63064K, reserved 1103872K
  class space    used 8181K, capacity 8784K, committed 8832K, reserved 1048576K
Event: 1045.883 GC heap after
Heap after GC invocations=44 (full 3):
 PSYoungGen      total 360960K, used 7648K [0x000000076b300000, 0x0000000783080000, 0x00000007c0000000)
  eden space 353280K, 0% used [0x000000076b300000,0x000000076b300000,0x0000000780c00000)
  from space 7680K, 99% used [0x0000000780c00000,0x0000000781378010,0x0000000781380000)
  to   space 18432K, 0% used [0x0000000781e80000,0x0000000781e80000,0x0000000783080000)
 ParOldGen       total 275968K, used 43962K [0x00000006c1800000, 0x00000006d2580000, 0x000000076b300000)
  object space 275968K, 15% used [0x00000006c1800000,0x00000006c42eea20,0x00000006d2580000)
 Metaspace       used 59217K, capacity 62764K, committed 63064K, reserved 1103872K
  class space    used 8181K, capacity 8784K, committed 8832K, reserved 1048576K
}
Event: 1078.459 GC heap before
{Heap before GC invocations=45 (full 3):
 PSYoungGen      total 360960K, used 360928K [0x000000076b300000, 0x0000000783080000, 0x00000007c0000000)
  eden space 353280K, 100% used [0x000000076b300000,0x0000000780c00000,0x0000000780c00000)
  from space 7680K, 99% used [0x0000000780c00000,0x0000000781378010,0x0000000781380000)
  to   space 18432K, 0% used [0x0000000781e80000,0x0000000781e80000,0x0000000783080000)
 ParOldGen       total 275968K, used 43962K [0x00000006c1800000, 0x00000006d2580000, 0x000000076b300000)
  object space 275968K, 15% used [0x00000006c1800000,0x00000006c42eea20,0x00000006d2580000)
 Metaspace       used 59217K, capacity 62764K, committed 63064K, reserved 1103872K
  class space    used 8181K, capacity 8784K, committed 8832K, reserved 1048576K
Event: 1078.462 GC heap after
Heap after GC invocations=45 (full 3):
 PSYoungGen      total 371200K, used 3072K [0x000000076b300000, 0x0000000782f80000, 0x00000007c0000000)
  eden space 353792K, 0% used [0x000000076b300000,0x000000076b300000,0x0000000780c80000)
  from space 17408K, 17% used [0x0000000781e80000,0x0000000782180010,0x0000000782f80000)
  to   space 17920K, 0% used [0x0000000780c80000,0x0000000780c80000,0x0000000781e00000)
 ParOldGen       total 275968K, used 44018K [0x00000006c1800000, 0x00000006d2580000, 0x000000076b300000)
  object space 275968K, 15% used [0x00000006c1800000,0x00000006c42fca20,0x00000006d2580000)
 Metaspace       used 59217K, capacity 62764K, committed 63064K, reserved 1103872K
  class space    used 8181K, capacity 8784K, committed 8832K, reserved 1048576K
}
Event: 1110.021 GC heap before
{Heap before GC invocations=46 (full 3):
 PSYoungGen      total 371200K, used 356864K [0x000000076b300000, 0x0000000782f80000, 0x00000007c0000000)
  eden space 353792K, 100% used [0x000000076b300000,0x0000000780c80000,0x0000000780c80000)
  from space 17408K, 17% used [0x0000000781e80000,0x0000000782180010,0x0000000782f80000)
  to   space 17920K, 0% used [0x0000000780c80000,0x0000000780c80000,0x0000000781e00000)
 ParOldGen       total 275968K, used 44018K [0x00000006c1800000, 0x00000006d2580000, 0x000000076b300000)
  object space 275968K, 15% used [0x00000006c1800000,0x00000006c42fca20,0x00000006d2580000)
 Metaspace       used 59218K, capacity 62764K, committed 63064K, reserved 1103872K
  class space    used 8182K, capacity 8784K, committed 8832K, reserved 1048576K
Event: 1110.026 GC heap after
Heap after GC invocations=46 (full 3):
 PSYoungGen      total 371712K, used 8096K [0x000000076b300000, 0x0000000782f00000, 0x00000007c0000000)
  eden space 353792K, 0% used [0x000000076b300000,0x000000076b300000,0x0000000780c80000)
  from space 17920K, 45% used [0x0000000780c80000,0x0000000781468010,0x0000000781e00000)
  to   space 17408K, 0% used [0x0000000781e00000,0x0000000781e00000,0x0000000782f00000)
 ParOldGen       total 275968K, used 44034K [0x00000006c1800000, 0x00000006d2580000, 0x000000076b300000)
  object space 275968K, 15% used [0x00000006c1800000,0x00000006c4300a20,0x00000006d2580000)
 Metaspace       used 59218K, capacity 62764K, committed 63064K, reserved 1103872K
  class space    used 8182K, capacity 8784K, committed 8832K, reserved 1048576K
}

