# JRE version: Java(TM) SE Runtime Environment (11.0.5+10) (build 11.0.5+10-LTS)
# Java VM: Java HotSpot(TM) 64-Bit Server VM (11.0.5+10-LTS, mixed mode, tiered, compressed oops, g1 gc, windows-amd64)
Heap:
 garbage-first heap   total 189440K, used 149493K [0x0000000081e00000, 0x0000000100000000)
  region size 1024K, 76 young (77824K), 6 survivors (6144K)
 Metaspace       used 68432K, capacity 70100K, committed 70428K, reserved 1110016K
  class space    used 8302K, capacity 8934K, committed 9068K, reserved 1048576K
GC Heap History (10 events):
Event: 58016.319 GC heap before
{Heap before GC invocations=809 (full 0):
 garbage-first heap   total 189440K, used 158212K [0x0000000081e00000, 0x0000000100000000)
  region size 1024K, 83 young (84992K), 5 survivors (5120K)
 Metaspace       used 68386K, capacity 70004K, committed 70044K, reserved 1110016K
  class space    used 8301K, capacity 8902K, committed 8940K, reserved 1048576K
}
Event: 58016.326 GC heap after
{Heap after GC invocations=810 (full 0):
 garbage-first heap   total 189440K, used 78835K [0x0000000081e00000, 0x0000000100000000)
  region size 1024K, 6 young (6144K), 6 survivors (6144K)
 Metaspace       used 68386K, capacity 70004K, committed 70044K, reserved 1110016K
  class space    used 8301K, capacity 8902K, committed 8940K, reserved 1048576K
}
Event: 58030.967 GC heap before
{Heap before GC invocations=810 (full 0):
 garbage-first heap   total 189440K, used 157683K [0x0000000081e00000, 0x0000000100000000)
  region size 1024K, 83 young (84992K), 6 survivors (6144K)
 Metaspace       used 68386K, capacity 70004K, committed 70044K, reserved 1110016K
  class space    used 8301K, capacity 8902K, committed 8940K, reserved 1048576K
}
Event: 58030.971 GC heap after
{Heap after GC invocations=811 (full 0):
 garbage-first heap   total 189440K, used 78837K [0x0000000081e00000, 0x0000000100000000)
  region size 1024K, 6 young (6144K), 6 survivors (6144K)
 Metaspace       used 68386K, capacity 70004K, committed 70044K, reserved 1110016K
  class space    used 8301K, capacity 8902K, committed 8940K, reserved 1048576K
}
Event: 58046.083 GC heap before
{Heap before GC invocations=811 (full 0):
 garbage-first heap   total 189440K, used 157685K [0x0000000081e00000, 0x0000000100000000)
  region size 1024K, 83 young (84992K), 6 survivors (6144K)
 Metaspace       used 68386K, capacity 70004K, committed 70044K, reserved 1110016K
  class space    used 8301K, capacity 8902K, committed 8940K, reserved 1048576K
}
Event: 58046.088 GC heap after
{Heap after GC invocations=812 (full 0):
 garbage-first heap   total 189440K, used 78310K [0x0000000081e00000, 0x0000000100000000)
  region size 1024K, 5 young (5120K), 5 survivors (5120K)
 Metaspace       used 68386K, capacity 70004K, committed 70044K, reserved 1110016K
  class space    used 8301K, capacity 8902K, committed 8940K, reserved 1048576K
}
Event: 58061.682 GC heap before
{Heap before GC invocations=812 (full 0):
 garbage-first heap   total 189440K, used 158182K [0x0000000081e00000, 0x0000000100000000)
  region size 1024K, 83 young (84992K), 5 survivors (5120K)
 Metaspace       used 68386K, capacity 70004K, committed 70044K, reserved 1110016K
  class space    used 8301K, capacity 8902K, committed 8940K, reserved 1048576K
}
Event: 58061.688 GC heap after
{Heap after GC invocations=813 (full 0):
 garbage-first heap   total 189440K, used 78340K [0x0000000081e00000, 0x0000000100000000)
  region size 1024K, 5 young (5120K), 5 survivors (5120K)
 Metaspace       used 68386K, capacity 70004K, committed 70044K, reserved 1110016K
  class space    used 8301K, capacity 8902K, committed 8940K, reserved 1048576K
}
Event: 58078.221 GC heap before
{Heap before GC invocations=813 (full 0):
 garbage-first heap   total 189440K, used 158212K [0x0000000081e00000, 0x0000000100000000)
  region size 1024K, 83 young (84992K), 5 survivors (5120K)
 Metaspace       used 68386K, capacity 70004K, committed 70044K, reserved 1110016K
  class space    used 8301K, capacity 8902K, committed 8940K, reserved 1048576K
}
Event: 58078.226 GC heap after
{Heap after GC invocations=814 (full 0):
 garbage-first heap   total 189440K, used 78837K [0x0000000081e00000, 0x0000000100000000)
  region size 1024K, 6 young (6144K), 6 survivors (6144K)
 Metaspace       used 68386K, capacity 70004K, committed 70044K, reserved 1110016K
  class space    used 8301K, capacity 8902K, committed 8940K, reserved 1048576K
}

